This is pdfTeX, Version 3.141592653-2.6-1.40.23 (TeX Live 2021/W32TeX) (preloaded format=pdflatex 2022.2.24)  15 SEP 2024 11:23
entering extended mode
 restricted \write18 enabled.
 file:line:error style messages enabled.
 %&-line parsing enabled.
**c:/Rprojects/thomashuet/cv/cv_french_english.tex
(c:/Rprojects/thomashuet/cv/cv_french_english.tex
LaTeX2e <2021-11-15> patch level 1
L3 programming layer <2022-02-21> (c:/texlive/2021/texmf-dist/tex/latex/base/article.cls
Document Class: article 2021/10/04 v1.4n Standard LaTeX document class
(c:/texlive/2021/texmf-dist/tex/latex/base/size10.clo
File: size10.clo 2021/10/04 v1.4n Standard LaTeX file (size option)
)
\c@part=\count185
\c@section=\count186
\c@subsection=\count187
\c@subsubsection=\count188
\c@paragraph=\count189
\c@subparagraph=\count190
\c@figure=\count191
\c@table=\count192
\abovecaptionskip=\skip47
\belowcaptionskip=\skip48
\bibindent=\dimen138
) (c:/texlive/2021/texmf-dist/tex/latex/base/inputenc.sty
Package: inputenc 2021/02/14 v1.3d Input encoding file
\inpenc@prehook=\toks16
\inpenc@posthook=\toks17
) (c:/texlive/2021/texmf-dist/tex/latex/base/fontenc.sty
Package: fontenc 2021/04/29 v2.0v Standard LaTeX package
) (c:/texlive/2021/texmf-dist/tex/generic/babel/babel.sty
Package: babel 2022/02/13 3.71 The Babel package
\babel@savecnt=\count193
\U@D=\dimen139
\l@unhyphenated=\language87
 (c:/texlive/2021/texmf-dist/tex/generic/babel/txtbabel.def)
\bbl@readstream=\read2
\bbl@dirlevel=\count194
 (c:/texlive/2021/texmf-dist/tex/generic/babel-english/english.ldf
Language: english 2017/06/06 v3.3r English support from the babel system
Package babel Info: Hyphen rules for 'canadian' set to \l@english
(babel)             (\language0). Reported on input line 102.
Package babel Info: Hyphen rules for 'australian' set to \l@ukenglish
(babel)             (\language21). Reported on input line 105.
Package babel Info: Hyphen rules for 'newzealand' set to \l@ukenglish
(babel)             (\language21). Reported on input line 108.
) (c:/texlive/2021/texmf-dist/tex/generic/babel-french/french.ldf
Language: french 2021/07/20 v3.5m French support from the babel system
Package babel Info: Hyphen rules for 'acadian' set to \l@french
(babel)             (\language29). Reported on input line 91.
Package babel Info: Hyphen rules for 'canadien' set to \l@french
(babel)             (\language29). Reported on input line 92.
\FB@nonchar=\count195
Package babel Info: Making : an active character on input line 430.
Package babel Info: Making ; an active character on input line 431.
Package babel Info: Making ! an active character on input line 432.
Package babel Info: Making ? an active character on input line 433.
\FBguill@level=\count196
\FBold@everypar=\toks18
\FB@Mht=\dimen140
\mc@charclass=\count197
\mc@charfam=\count198
\mc@charslot=\count199
\std@mcc=\count266
\dec@mcc=\count267
\listindentFB=\dimen141
\descindentFB=\dimen142
\labelindentFB=\dimen143
\labelwidthFB=\dimen144
\leftmarginFB=\dimen145
\parindentFFN=\dimen146
\FBfnindent=\dimen147
)) (c:/texlive/2021/texmf-dist/tex/latex/carlisle/scalefnt.sty) (c:/texlive/2021/texmf-dist/tex/latex/graphics/keyval.sty
Package: keyval 2014/10/28 v1.15 key=value parser (DPC)
\KV@toks@=\toks19
) (c:/texlive/2021/texmf-dist/tex/latex/hyperref/hyperref.sty
Package: hyperref 2022-02-21 v7.00n Hypertext links for LaTeX
 (c:/texlive/2021/texmf-dist/tex/generic/ltxcmds/ltxcmds.sty
Package: ltxcmds 2020-05-10 v1.25 LaTeX kernel commands for general use (HO)
) (c:/texlive/2021/texmf-dist/tex/generic/iftex/iftex.sty
Package: iftex 2022/02/03 v1.0f TeX engine tests
) (c:/texlive/2021/texmf-dist/tex/generic/pdftexcmds/pdftexcmds.sty
Package: pdftexcmds 2020-06-27 v0.33 Utility functions of pdfTeX for LuaTeX (HO)
 (c:/texlive/2021/texmf-dist/tex/generic/infwarerr/infwarerr.sty
Package: infwarerr 2019/12/03 v1.5 Providing info/warning/error messages (HO)
)
Package pdftexcmds Info: \pdf@primitive is available.
Package pdftexcmds Info: \pdf@ifprimitive is available.
Package pdftexcmds Info: \pdfdraftmode found.
) (c:/texlive/2021/texmf-dist/tex/generic/kvsetkeys/kvsetkeys.sty
Package: kvsetkeys 2019/12/15 v1.18 Key value parser (HO)
) (c:/texlive/2021/texmf-dist/tex/generic/kvdefinekeys/kvdefinekeys.sty
Package: kvdefinekeys 2019-12-19 v1.6 Define keys (HO)
) (c:/texlive/2021/texmf-dist/tex/generic/pdfescape/pdfescape.sty
Package: pdfescape 2019/12/09 v1.15 Implements pdfTeX's escape features (HO)
) (c:/texlive/2021/texmf-dist/tex/latex/hycolor/hycolor.sty
Package: hycolor 2020-01-27 v1.10 Color options for hyperref/bookmark (HO)
) (c:/texlive/2021/texmf-dist/tex/latex/letltxmacro/letltxmacro.sty
Package: letltxmacro 2019/12/03 v1.6 Let assignment for LaTeX macros (HO)
) (c:/texlive/2021/texmf-dist/tex/latex/auxhook/auxhook.sty
Package: auxhook 2019-12-17 v1.6 Hooks for auxiliary files (HO)
) (c:/texlive/2021/texmf-dist/tex/latex/kvoptions/kvoptions.sty
Package: kvoptions 2020-10-07 v3.14 Key value format for package options (HO)
)
\@linkdim=\dimen148
\Hy@linkcounter=\count268
\Hy@pagecounter=\count269
 (c:/texlive/2021/texmf-dist/tex/latex/hyperref/pd1enc.def
File: pd1enc.def 2022-02-21 v7.00n Hyperref: PDFDocEncoding definition (HO)
Now handling font encoding PD1 ...
... no UTF-8 mapping file for font encoding PD1
) (c:/texlive/2021/texmf-dist/tex/generic/intcalc/intcalc.sty
Package: intcalc 2019/12/15 v1.3 Expandable calculations with integers (HO)
) (c:/texlive/2021/texmf-dist/tex/generic/etexcmds/etexcmds.sty
Package: etexcmds 2019/12/15 v1.7 Avoid name clashes with e-TeX commands (HO)
)
\Hy@SavedSpaceFactor=\count270
 (c:/texlive/2021/texmf-dist/tex/latex/hyperref/puenc.def
File: puenc.def 2022-02-21 v7.00n Hyperref: PDF Unicode definition (HO)
Now handling font encoding PU ...
... no UTF-8 mapping file for font encoding PU
)
Package hyperref Info: Hyper figures OFF on input line 4137.
Package hyperref Info: Link nesting OFF on input line 4142.
Package hyperref Info: Hyper index ON on input line 4145.
Package hyperref Info: Plain pages OFF on input line 4152.
Package hyperref Info: Backreferencing OFF on input line 4157.
Package hyperref Info: Implicit mode ON; LaTeX internals redefined.
Package hyperref Info: Bookmarks ON on input line 4390.
\c@Hy@tempcnt=\count271
 (c:/texlive/2021/texmf-dist/tex/latex/url/url.sty
\Urlmuskip=\muskip16
Package: url 2013/09/16  ver 3.4  Verb mode for urls, etc.
)
LaTeX Info: Redefining \url on input line 4749.
\XeTeXLinkMargin=\dimen149
 (c:/texlive/2021/texmf-dist/tex/generic/bitset/bitset.sty
Package: bitset 2019/12/09 v1.3 Handle bit-vector datatype (HO)
 (c:/texlive/2021/texmf-dist/tex/generic/bigintcalc/bigintcalc.sty
Package: bigintcalc 2019/12/15 v1.5 Expandable calculations on big integers (HO)
))
\Fld@menulength=\count272
\Field@Width=\dimen150
\Fld@charsize=\dimen151
Package hyperref Info: Hyper figures OFF on input line 6027.
Package hyperref Info: Link nesting OFF on input line 6032.
Package hyperref Info: Hyper index ON on input line 6035.
Package hyperref Info: backreferencing OFF on input line 6042.
Package hyperref Info: Link coloring OFF on input line 6047.
Package hyperref Info: Link coloring with OCG OFF on input line 6052.
Package hyperref Info: PDF/A mode OFF on input line 6057.
LaTeX Info: Redefining \ref on input line 6097.
LaTeX Info: Redefining \pageref on input line 6101.
 (c:/texlive/2021/texmf-dist/tex/latex/base/atbegshi-ltx.sty
Package: atbegshi-ltx 2021/01/10 v1.0c Emulation of the original atbegshi
package with kernel methods
)
\Hy@abspage=\count273
\c@Item=\count274
\c@Hfootnote=\count275
)
Package hyperref Info: Driver (autodetected): hpdftex.
 (c:/texlive/2021/texmf-dist/tex/latex/hyperref/hpdftex.def
File: hpdftex.def 2022-02-21 v7.00n Hyperref driver for pdfTeX
 (c:/texlive/2021/texmf-dist/tex/latex/base/atveryend-ltx.sty
Package: atveryend-ltx 2020/08/19 v1.0a Emulation of the original atveryend package
with kernel methods
)
\Fld@listcount=\count276
\c@bookmark@seq@number=\count277
 (c:/texlive/2021/texmf-dist/tex/latex/rerunfilecheck/rerunfilecheck.sty
Package: rerunfilecheck 2019/12/05 v1.9 Rerun checks for auxiliary files (HO)
 (c:/texlive/2021/texmf-dist/tex/generic/uniquecounter/uniquecounter.sty
Package: uniquecounter 2019/12/15 v1.4 Provide unlimited unique counter (HO)
)
Package uniquecounter Info: New unique counter `rerunfilecheck' on input line 286.
)
\Hy@SectionHShift=\skip49
) (c:/texlive/2021/texmf-dist/tex/latex/geometry/geometry.sty
Package: geometry 2020/01/02 v5.9 Page Geometry
 (c:/texlive/2021/texmf-dist/tex/generic/iftex/ifvtex.sty
Package: ifvtex 2019/10/25 v1.7 ifvtex legacy package. Use iftex instead.
)
\Gm@cnth=\count278
\Gm@cntv=\count279
\c@Gm@tempcnt=\count280
\Gm@bindingoffset=\dimen152
\Gm@wd@mp=\dimen153
\Gm@odd@mp=\dimen154
\Gm@even@mp=\dimen155
\Gm@layoutwidth=\dimen156
\Gm@layoutheight=\dimen157
\Gm@layouthoffset=\dimen158
\Gm@layoutvoffset=\dimen159
\Gm@dimlist=\toks20
) (c:/texlive/2021/texmf-dist/tex/latex/changepage/changepage.sty
Package: changepage 2009/10/20 v1.0c check page and change page layout
\c@cp@cntr=\count281
\cp@tempcnt=\count282
) (c:/texlive/2021/texmf-dist/tex/latex/graphics/graphicx.sty
Package: graphicx 2021/09/16 v1.2d Enhanced LaTeX Graphics (DPC,SPQR)
 (c:/texlive/2021/texmf-dist/tex/latex/graphics/graphics.sty
Package: graphics 2021/03/04 v1.4d Standard LaTeX Graphics (DPC,SPQR)
 (c:/texlive/2021/texmf-dist/tex/latex/graphics/trig.sty
Package: trig 2021/08/11 v1.11 sin cos tan (DPC)
) (c:/texlive/2021/texmf-dist/tex/latex/graphics-cfg/graphics.cfg
File: graphics.cfg 2016/06/04 v1.11 sample graphics configuration
)
Package graphics Info: Driver file: pdftex.def on input line 107.
 (c:/texlive/2021/texmf-dist/tex/latex/graphics-def/pdftex.def
File: pdftex.def 2020/10/05 v1.2a Graphics/color driver for pdftex
))
\Gin@req@height=\dimen160
\Gin@req@width=\dimen161
) (c:/texlive/2021/texmf-dist/tex/latex/adjustbox/adjustbox.sty
Package: adjustbox 2020/08/19 v1.3 Adjusting TeX boxes (trim, clip, ...)
 (c:/texlive/2021/texmf-dist/tex/latex/xkeyval/xkeyval.sty
Package: xkeyval 2020/11/20 v2.8 package option processing (HA)
 (c:/texlive/2021/texmf-dist/tex/generic/xkeyval/xkeyval.tex (c:/texlive/2021/texmf-dist/tex/generic/xkeyval/xkvutils.tex
\XKV@toks=\toks21
\XKV@tempa@toks=\toks22
)
\XKV@depth=\count283
File: xkeyval.tex 2014/12/03 v2.7a key=value parser (HA)
)) (c:/texlive/2021/texmf-dist/tex/latex/adjustbox/adjcalc.sty
Package: adjcalc 2012/05/16 v1.1 Provides advanced setlength with multiple back-ends (calc, etex, pgfmath)
) (c:/texlive/2021/texmf-dist/tex/latex/adjustbox/trimclip.sty
Package: trimclip 2020/08/19 v1.2 Trim and clip general TeX material
 (c:/texlive/2021/texmf-dist/tex/latex/collectbox/collectbox.sty
Package: collectbox 2012/05/17 v0.4b Collect macro arguments as boxes
\collectedbox=\box50
)
\tc@llx=\dimen162
\tc@lly=\dimen163
\tc@urx=\dimen164
\tc@ury=\dimen165
Package trimclip Info: Using driver 'tc-pdftex.def'.
 (c:/texlive/2021/texmf-dist/tex/latex/adjustbox/tc-pdftex.def
File: tc-pdftex.def 2019/01/04 v2.2 Clipping driver for pdftex
))
\adjbox@Width=\dimen166
\adjbox@Height=\dimen167
\adjbox@Depth=\dimen168
\adjbox@Totalheight=\dimen169
\adjbox@pwidth=\dimen170
\adjbox@pheight=\dimen171
\adjbox@pdepth=\dimen172
\adjbox@ptotalheight=\dimen173
 (c:/texlive/2021/texmf-dist/tex/latex/ifoddpage/ifoddpage.sty
Package: ifoddpage 2016/04/23 v1.1 Conditionals for odd/even page detection
\c@checkoddpage=\count284
LaTeX Info: Redefining \checkoddpage on input line 45.
) (c:/texlive/2021/texmf-dist/tex/latex/varwidth/varwidth.sty
Package: varwidth 2009/03/30 ver 0.92;  Variable-width minipages
\@vwid@box=\box51
\sift@deathcycles=\count285
\@vwid@loff=\dimen174
\@vwid@roff=\dimen175
)) (c:/texlive/2021/texmf-dist/tex/latex/titlesec/titlesec.sty
Package: titlesec 2021/07/05 v2.14 Sectioning titles
\ttl@box=\box52
\beforetitleunit=\skip50
\aftertitleunit=\skip51
\ttl@plus=\dimen176
\ttl@minus=\dimen177
\ttl@toksa=\toks23
\titlewidth=\dimen178
\titlewidthlast=\dimen179
\titlewidthfirst=\dimen180
) (c:/texlive/2021/texmf-dist/tex/latex/xcolor/xcolor.sty
Package: xcolor 2021/10/31 v2.13 LaTeX color extensions (UK)
 (c:/texlive/2021/texmf-dist/tex/latex/graphics-cfg/color.cfg
File: color.cfg 2016/01/02 v1.6 sample color configuration
)
Package xcolor Info: Driver file: pdftex.def on input line 227.
Package xcolor Info: Model `cmy' substituted by `cmy0' on input line 1352.
Package xcolor Info: Model `hsb' substituted by `rgb' on input line 1356.
Package xcolor Info: Model `RGB' extended on input line 1368.
Package xcolor Info: Model `HTML' substituted by `rgb' on input line 1370.
Package xcolor Info: Model `Hsb' substituted by `hsb' on input line 1371.
Package xcolor Info: Model `tHsb' substituted by `hsb' on input line 1372.
Package xcolor Info: Model `HSB' substituted by `hsb' on input line 1373.
Package xcolor Info: Model `Gray' substituted by `gray' on input line 1374.
Package xcolor Info: Model `wave' substituted by `hsb' on input line 1375.
) (c:/texlive/2021/texmf-dist/tex/latex/fancyhdr/fancyhdr.sty
Package: fancyhdr 2021/01/28 v4.0.1 Extensive control of page headers and footers
\f@nch@headwidth=\skip52
\f@nch@O@elh=\skip53
\f@nch@O@erh=\skip54
\f@nch@O@olh=\skip55
\f@nch@O@orh=\skip56
\f@nch@O@elf=\skip57
\f@nch@O@erf=\skip58
\f@nch@O@olf=\skip59
\f@nch@O@orf=\skip60
)
Package hyperref Info: Option `colorlinks' set `true' on input line 25.
 (c:/texlive/2021/texmf-dist/tex/latex/l3backend/l3backend-pdftex.def
File: l3backend-pdftex.def 2022-02-07 L3 backend support: PDF output (pdfTeX)
\l__color_backend_stack_int=\count286
\l__pdf_internal_box=\box53
) (./cv_french_english.aux)
\openout1 = `cv_french_english.aux'.

LaTeX Font Info:    Checking defaults for OML/cmm/m/it on input line 51.
LaTeX Font Info:    ... okay on input line 51.
LaTeX Font Info:    Checking defaults for OMS/cmsy/m/n on input line 51.
LaTeX Font Info:    ... okay on input line 51.
LaTeX Font Info:    Checking defaults for OT1/cmr/m/n on input line 51.
LaTeX Font Info:    ... okay on input line 51.
LaTeX Font Info:    Checking defaults for T1/cmr/m/n on input line 51.
LaTeX Font Info:    ... okay on input line 51.
LaTeX Font Info:    Checking defaults for TS1/cmr/m/n on input line 51.
LaTeX Font Info:    ... okay on input line 51.
LaTeX Font Info:    Checking defaults for OMX/cmex/m/n on input line 51.
LaTeX Font Info:    ... okay on input line 51.
LaTeX Font Info:    Checking defaults for U/cmr/m/n on input line 51.
LaTeX Font Info:    ... okay on input line 51.
LaTeX Font Info:    Checking defaults for PD1/pdf/m/n on input line 51.
LaTeX Font Info:    ... okay on input line 51.
LaTeX Font Info:    Checking defaults for PU/pdf/m/n on input line 51.
LaTeX Font Info:    ... okay on input line 51.
LaTeX Info: Redefining \degres on input line 51.
LaTeX Info: Redefining \up on input line 51.
Package hyperref Info: Link coloring ON on input line 51.
 (c:/texlive/2021/texmf-dist/tex/latex/hyperref/nameref.sty
Package: nameref 2021-04-02 v2.47 Cross-referencing by name of section
 (c:/texlive/2021/texmf-dist/tex/latex/refcount/refcount.sty
Package: refcount 2019/12/15 v3.6 Data extraction from label references (HO)
) (c:/texlive/2021/texmf-dist/tex/generic/gettitlestring/gettitlestring.sty
Package: gettitlestring 2019/12/15 v1.6 Cleanup title references (HO)
)
\c@section@level=\count287
)
LaTeX Info: Redefining \ref on input line 51.
LaTeX Info: Redefining \pageref on input line 51.
LaTeX Info: Redefining \nameref on input line 51.
\@outlinefile=\write3
\openout3 = `cv_french_english.out'.


*geometry* driver: auto-detecting
*geometry* detected driver: pdftex
*geometry* verbose mode - [ preamble ] result:
* driver: pdftex
* paper: legalpaper
* layout: <same size as paper>
* layoutoffset:(h,v)=(0.0pt,0.0pt)
* modes: 
* h-part:(L,W,R)=(56.9055pt, 500.484pt, 56.9055pt)
* v-part:(T,H,B)=(56.9055pt, 897.969pt, 56.9055pt)
* \paperwidth=614.295pt
* \paperheight=1011.78pt
* \textwidth=500.484pt
* \textheight=897.969pt
* \oddsidemargin=-15.36449pt
* \evensidemargin=-15.36449pt
* \topmargin=-52.36449pt
* \headheight=12.0pt
* \headsep=25.0pt
* \topskip=10.0pt
* \footskip=30.0pt
* \marginparwidth=65.0pt
* \marginparsep=11.0pt
* \columnsep=10.0pt
* \skip\footins=9.0pt plus 4.0pt minus 2.0pt
* \hoffset=0.0pt
* \voffset=0.0pt
* \mag=1000
* \@twocolumnfalse
* \@twosidefalse
* \@mparswitchfalse
* \@reversemarginfalse
* (1in=72.27pt=25.4mm, 1cm=28.453pt)

(c:/texlive/2021/texmf-dist/tex/context/base/mkii/supp-pdf.mkii
[Loading MPS to PDF converter (version 2006.09.02).]
\scratchcounter=\count288
\scratchdimen=\dimen181
\scratchbox=\box54
\nofMPsegments=\count289
\nofMParguments=\count290
\everyMPshowfont=\toks24
\MPscratchCnt=\count291
\MPscratchDim=\dimen182
\MPnumerator=\count292
\makeMPintoPDFobject=\count293
\everyMPtoPDFconversion=\toks25
) (c:/texlive/2021/texmf-dist/tex/latex/epstopdf-pkg/epstopdf-base.sty
Package: epstopdf-base 2020-01-24 v2.11 Base part for package epstopdf
Package epstopdf-base Info: Redefining graphics rule for `.eps' on input line 485.
 (c:/texlive/2021/texmf-dist/tex/latex/latexconfig/epstopdf-sys.cfg
File: epstopdf-sys.cfg 2010/07/13 v1.3 Configuration of (r)epstopdf for TeX Live
))
Underfull \hbox (badness 10000) in paragraph at lines 62--63

 []

<../img//gmail.png, id=4, 385.44pt x 385.44pt>
File: ../img//gmail.png Graphic file (type png)
<use ../img//gmail.png>
Package pdftex.def Info: ../img//gmail.png  used on input line 65.
(pdftex.def)             Requested size: 9.63362pt x 9.63362pt.
<../img//webpro.png, id=8, 923.45pt x 983.675pt>
File: ../img//webpro.png Graphic file (type png)
<use ../img//webpro.png>
Package pdftex.def Info: ../img//webpro.png  used on input line 66.
(pdftex.def)             Requested size: 9.2294pt x 9.83131pt.
<../img//lod-orcid.png, id=11, 1204.5pt x 1204.5pt>
File: ../img//lod-orcid.png Graphic file (type png)
<use ../img//lod-orcid.png>
Package pdftex.def Info: ../img//lod-orcid.png  used on input line 67.
(pdftex.def)             Requested size: 8.43604pt x 8.43604pt.
<../img//github.png, id=13, 1606.0pt x 1606.0pt>
File: ../img//github.png Graphic file (type png)
<use ../img//github.png>
Package pdftex.def Info: ../img//github.png  used on input line 68.
(pdftex.def)             Requested size: 11.24805pt x 11.24805pt.
<../img//gscholar.png, id=15, 513.92pt x 513.92pt>
File: ../img//gscholar.png Graphic file (type png)
<use ../img//gscholar.png>
Package pdftex.def Info: ../img//gscholar.png  used on input line 69.
(pdftex.def)             Requested size: 12.84482pt x 12.84482pt.
<../img//rgate.png, id=17, 225.84375pt x 225.84375pt>
File: ../img//rgate.png Graphic file (type png)
<use ../img//rgate.png>
Package pdftex.def Info: ../img//rgate.png  used on input line 70.
(pdftex.def)             Requested size: 11.29285pt x 11.29285pt.
<../img//phone.png, id=19, 2409.0pt x 2409.0pt>
File: ../img//phone.png Graphic file (type png)
<use ../img//phone.png>
Package pdftex.def Info: ../img//phone.png  used on input line 71.
(pdftex.def)             Requested size: 12.05673pt x 12.05673pt.
c:/Rprojects/thomashuet/cv/cv_french_english.tex:71: Undefined control sequence.
l.71 ...ludegraphics[scale=0.005]{phone} \quad  \+
                                                   44 (0)7 518 152 642 \\
The control sequence at the end of the top line
of your error message was never \def'ed. If you have
misspelled it (e.g., `\hobx'), type `I' and the correct
spelling (e.g., `I\hbox'). Otherwise just continue,
and I'll forget about whatever was undefined.


Underfull \hbox (badness 10000) in paragraph at lines 65--72

 []

[1

{c:/texlive/2021/texmf-var/fonts/map/pdftex/updmap/pdftex.map} <../img//gmail.png> <../img//webpro.png> <../img//lod-orcid.png> <../img//github.png> <../img//gscholar.png> <../img//rgate.png> <../img//phone.png>]
<../img//link_darkblue.png, id=44, 602.25pt x 342.27875pt>
File: ../img//link_darkblue.png Graphic file (type png)
<use ../img//link_darkblue.png>
Package pdftex.def Info: ../img//link_darkblue.png  used on input line 193.
(pdftex.def)             Requested size: 9.03336pt x 5.13396pt.
File: ../img//link_darkblue.png Graphic file (type png)
<use ../img//link_darkblue.png>
Package pdftex.def Info: ../img//link_darkblue.png  used on input line 201.
(pdftex.def)             Requested size: 9.03336pt x 5.13396pt.
File: ../img//link_darkblue.png Graphic file (type png)
<use ../img//link_darkblue.png>
Package pdftex.def Info: ../img//link_darkblue.png  used on input line 221.
(pdftex.def)             Requested size: 9.03336pt x 5.13396pt.
File: ../img//link_darkblue.png Graphic file (type png)
<use ../img//link_darkblue.png>
Package pdftex.def Info: ../img//link_darkblue.png  used on input line 225.
(pdftex.def)             Requested size: 9.03336pt x 5.13396pt.
File: ../img//link_darkblue.png Graphic file (type png)
<use ../img//link_darkblue.png>
Package pdftex.def Info: ../img//link_darkblue.png  used on input line 229.
(pdftex.def)             Requested size: 9.03336pt x 5.13396pt.
<../img//link_grey.png, id=50, 602.25pt x 342.27875pt>
File: ../img//link_grey.png Graphic file (type png)
<use ../img//link_grey.png>
Package pdftex.def Info: ../img//link_grey.png  used on input line 241.
(pdftex.def)             Requested size: 12.04753pt x 6.84702pt.
File: ../img//link_darkblue.png Graphic file (type png)
<use ../img//link_darkblue.png>
Package pdftex.def Info: ../img//link_darkblue.png  used on input line 259.
(pdftex.def)             Requested size: 9.03336pt x 5.13396pt.

c:/Rprojects/thomashuet/cv/cv_french_english.tex:274: Illegal parameter number in definition of \Hy@tempa.
<to be read again> 
                   /
l.274 ...aphics[scale=0.015]{link_darkblue.png}}.}
                                                  
You meant to type ## instead of #, right?
Or maybe a } was forgotten somewhere earlier, and things
are all screwed up? I'm going to assume that you meant ##.

c:/Rprojects/thomashuet/cv/cv_french_english.tex:274: Illegal parameter number in definition of \Hy@tempa.
<to be read again> 
                   /
l.274 ...aphics[scale=0.015]{link_darkblue.png}}.}
                                                  
You meant to type ## instead of #, right?
Or maybe a } was forgotten somewhere earlier, and things
are all screwed up? I'm going to assume that you meant ##.

c:/Rprojects/thomashuet/cv/cv_french_english.tex:274: Illegal parameter number in definition of \Hy@tempa.
<to be read again> 
                   /
l.274 ...aphics[scale=0.015]{link_darkblue.png}}.}
                                                  
You meant to type ## instead of #, right?
Or maybe a } was forgotten somewhere earlier, and things
are all screwed up? I'm going to assume that you meant ##.

File: ../img//link_darkblue.png Graphic file (type png)
<use ../img//link_darkblue.png>
Package pdftex.def Info: ../img//link_darkblue.png  used on input line 274.
(pdftex.def)             Requested size: 9.03336pt x 5.13396pt.
File: ../img//link_darkblue.png Graphic file (type png)
<use ../img//link_darkblue.png>
Package pdftex.def Info: ../img//link_darkblue.png  used on input line 279.
(pdftex.def)             Requested size: 9.03336pt x 5.13396pt.
c:/Rprojects/thomashuet/cv/cv_french_english.tex:284: Illegal parameter number in definition of \Hy@tempa.
<to be read again> 
                   r
l.284 ...aphics[scale=0.015]{link_darkblue.png}}.}
                                                  
You meant to type ## instead of #, right?
Or maybe a } was forgotten somewhere earlier, and things
are all screwed up? I'm going to assume that you meant ##.

c:/Rprojects/thomashuet/cv/cv_french_english.tex:284: Illegal parameter number in definition of \Hy@tempa.
<to be read again> 
                   r
l.284 ...aphics[scale=0.015]{link_darkblue.png}}.}
                                                  
You meant to type ## instead of #, right?
Or maybe a } was forgotten somewhere earlier, and things
are all screwed up? I'm going to assume that you meant ##.

c:/Rprojects/thomashuet/cv/cv_french_english.tex:284: Illegal parameter number in definition of \Hy@tempa.
<to be read again> 
                   r
l.284 ...aphics[scale=0.015]{link_darkblue.png}}.}
                                                  
You meant to type ## instead of #, right?
Or maybe a } was forgotten somewhere earlier, and things
are all screwed up? I'm going to assume that you meant ##.

File: ../img//link_darkblue.png Graphic file (type png)
<use ../img//link_darkblue.png>
Package pdftex.def Info: ../img//link_darkblue.png  used on input line 284.
(pdftex.def)             Requested size: 9.03336pt x 5.13396pt.
c:/Rprojects/thomashuet/cv/cv_french_english.tex:289: Illegal parameter number in definition of \Hy@tempa.
<to be read again> 
                   r
l.289 ...aphics[scale=0.015]{link_darkblue.png}}.}
                                                  
You meant to type ## instead of #, right?
Or maybe a } was forgotten somewhere earlier, and things
are all screwed up? I'm going to assume that you meant ##.

c:/Rprojects/thomashuet/cv/cv_french_english.tex:289: Illegal parameter number in definition of \Hy@tempa.
<to be read again> 
                   r
l.289 ...aphics[scale=0.015]{link_darkblue.png}}.}
                                                  
You meant to type ## instead of #, right?
Or maybe a } was forgotten somewhere earlier, and things
are all screwed up? I'm going to assume that you meant ##.

c:/Rprojects/thomashuet/cv/cv_french_english.tex:289: Illegal parameter number in definition of \Hy@tempa.
<to be read again> 
                   r
l.289 ...aphics[scale=0.015]{link_darkblue.png}}.}
                                                  
You meant to type ## instead of #, right?
Or maybe a } was forgotten somewhere earlier, and things
are all screwed up? I'm going to assume that you meant ##.

File: ../img//link_darkblue.png Graphic file (type png)
<use ../img//link_darkblue.png>
Package pdftex.def Info: ../img//link_darkblue.png  used on input line 289.
(pdftex.def)             Requested size: 9.03336pt x 5.13396pt.
[2 <../img//link_darkblue.png> <../img//link_grey.png>]
LaTeX Font Info:    External font `cmex10' loaded for size
(Font)              <7> on input line 335.
LaTeX Font Info:    External font `cmex10' loaded for size
(Font)              <5> on input line 335.
File: ../img//link_darkblue.png Graphic file (type png)
<use ../img//link_darkblue.png>
Package pdftex.def Info: ../img//link_darkblue.png  used on input line 357.
(pdftex.def)             Requested size: 9.03336pt x 5.13396pt.
File: ../img//link_darkblue.png Graphic file (type png)
<use ../img//link_darkblue.png>
Package pdftex.def Info: ../img//link_darkblue.png  used on input line 363.
(pdftex.def)             Requested size: 9.03336pt x 5.13396pt.
File: ../img//link_darkblue.png Graphic file (type png)
<use ../img//link_darkblue.png>
Package pdftex.def Info: ../img//link_darkblue.png  used on input line 368.
(pdftex.def)             Requested size: 9.03336pt x 5.13396pt.
 [3]
File: ../img//link_darkblue.png Graphic file (type png)
<use ../img//link_darkblue.png>
Package pdftex.def Info: ../img//link_darkblue.png  used on input line 374.
(pdftex.def)             Requested size: 9.03336pt x 5.13396pt.
File: ../img//link_darkblue.png Graphic file (type png)
<use ../img//link_darkblue.png>
Package pdftex.def Info: ../img//link_darkblue.png  used on input line 392.
(pdftex.def)             Requested size: 9.03336pt x 5.13396pt.
File: ../img//link_darkblue.png Graphic file (type png)
<use ../img//link_darkblue.png>
Package pdftex.def Info: ../img//link_darkblue.png  used on input line 402.
(pdftex.def)             Requested size: 9.03336pt x 5.13396pt.
 [4]
File: ../img//link_darkblue.png Graphic file (type png)
<use ../img//link_darkblue.png>
Package pdftex.def Info: ../img//link_darkblue.png  used on input line 432.
(pdftex.def)             Requested size: 9.03336pt x 5.13396pt.
File: ../img//link_darkblue.png Graphic file (type png)
<use ../img//link_darkblue.png>
Package pdftex.def Info: ../img//link_darkblue.png  used on input line 434.
(pdftex.def)             Requested size: 9.03336pt x 5.13396pt.
File: ../img//link_darkblue.png Graphic file (type png)
<use ../img//link_darkblue.png>
Package pdftex.def Info: ../img//link_darkblue.png  used on input line 452.
(pdftex.def)             Requested size: 9.03336pt x 5.13396pt.
File: ../img//link_darkblue.png Graphic file (type png)
<use ../img//link_darkblue.png>
Package pdftex.def Info: ../img//link_darkblue.png  used on input line 469.
(pdftex.def)             Requested size: 9.03336pt x 5.13396pt.
File: ../img//link_darkblue.png Graphic file (type png)
<use ../img//link_darkblue.png>
Package pdftex.def Info: ../img//link_darkblue.png  used on input line 471.
(pdftex.def)             Requested size: 9.03336pt x 5.13396pt.
File: ../img//link_darkblue.png Graphic file (type png)
<use ../img//link_darkblue.png>
Package pdftex.def Info: ../img//link_darkblue.png  used on input line 475.
(pdftex.def)             Requested size: 9.03336pt x 5.13396pt.
File: ../img//link_grey.png Graphic file (type png)
<use ../img//link_grey.png>
Package pdftex.def Info: ../img//link_grey.png  used on input line 477.
(pdftex.def)             Requested size: 12.04753pt x 6.84702pt.
File: ../img//link_darkblue.png Graphic file (type png)
<use ../img//link_darkblue.png>
Package pdftex.def Info: ../img//link_darkblue.png  used on input line 479.
(pdftex.def)             Requested size: 9.03336pt x 5.13396pt.
File: ../img//link_darkblue.png Graphic file (type png)
<use ../img//link_darkblue.png>
Package pdftex.def Info: ../img//link_darkblue.png  used on input line 481.
(pdftex.def)             Requested size: 9.03336pt x 5.13396pt.
File: ../img//link_darkblue.png Graphic file (type png)
<use ../img//link_darkblue.png>
Package pdftex.def Info: ../img//link_darkblue.png  used on input line 483.
(pdftex.def)             Requested size: 9.03336pt x 5.13396pt.
File: ../img//link_darkblue.png Graphic file (type png)
<use ../img//link_darkblue.png>
Package pdftex.def Info: ../img//link_darkblue.png  used on input line 485.
(pdftex.def)             Requested size: 9.03336pt x 5.13396pt.
File: ../img//link_darkblue.png Graphic file (type png)
<use ../img//link_darkblue.png>
Package pdftex.def Info: ../img//link_darkblue.png  used on input line 487.
(pdftex.def)             Requested size: 9.03336pt x 5.13396pt.
 [5]
<../img//icon_youtube.png, id=114, 53.7207pt x 37.5804pt>
File: ../img//icon_youtube.png Graphic file (type png)
<use ../img//icon_youtube.png>
Package pdftex.def Info: ../img//icon_youtube.png  used on input line 490.
(pdftex.def)             Requested size: 10.74394pt x 7.51593pt.
File: ../img//icon_youtube.png Graphic file (type png)
<use ../img//icon_youtube.png>
Package pdftex.def Info: ../img//icon_youtube.png  used on input line 498.
(pdftex.def)             Requested size: 10.74394pt x 7.51593pt.
File: ../img//icon_youtube.png Graphic file (type png)
<use ../img//icon_youtube.png>
Package pdftex.def Info: ../img//icon_youtube.png  used on input line 502.
(pdftex.def)             Requested size: 10.74394pt x 7.51593pt.
 [6 <../img//icon_youtube.png>]
Overfull \hbox (24.0386pt too wide) in paragraph at lines 533--533
|\T1/cmr/bx/n/14.4 TOOLS, PRO-GRAM-MING LAN-GUAGES \T1/cmr/bx/it/14.4 & \T1/cmr/bx/n/14.4 SOFT-WARE PRO-FI-CIENCY| 
 []

LaTeX Font Info:    Trying to load font information for T1+cmss on input line 538.
(c:/texlive/2021/texmf-dist/tex/latex/base/t1cmss.fd
File: t1cmss.fd 2019/12/16 v2.5j Standard LaTeX font definitions
)
c:/Rprojects/thomashuet/cv/cv_french_english.tex:580: Illegal parameter number in definition of \Hy@tempa.
<to be read again> 
                   r
l.580 ...aphics[scale=0.1]{app-github-rect.png}}.}
                                                  
You meant to type ## instead of #, right?
Or maybe a } was forgotten somewhere earlier, and things
are all screwed up? I'm going to assume that you meant ##.

c:/Rprojects/thomashuet/cv/cv_french_english.tex:580: Illegal parameter number in definition of \Hy@tempa.
<to be read again> 
                   r
l.580 ...aphics[scale=0.1]{app-github-rect.png}}.}
                                                  
You meant to type ## instead of #, right?
Or maybe a } was forgotten somewhere earlier, and things
are all screwed up? I'm going to assume that you meant ##.

c:/Rprojects/thomashuet/cv/cv_french_english.tex:580: Illegal parameter number in definition of \Hy@tempa.
<to be read again> 
                   r
l.580 ...aphics[scale=0.1]{app-github-rect.png}}.}
                                                  
You meant to type ## instead of #, right?
Or maybe a } was forgotten somewhere earlier, and things
are all screwed up? I'm going to assume that you meant ##.

<../img//app-github-rect.png, id=124, 225.84375pt x 59.22125pt>
File: ../img//app-github-rect.png Graphic file (type png)
<use ../img//app-github-rect.png>
Package pdftex.def Info: ../img//app-github-rect.png  used on input line 580.
(pdftex.def)             Requested size: 22.5857pt x 5.92245pt.
c:/Rprojects/thomashuet/cv/cv_french_english.tex:584: Illegal parameter number in definition of \Hy@tempa.
<to be read again> 
                   r
l.584 ...aphics[scale=0.1]{app-github-rect.png}}.}
                                                  
You meant to type ## instead of #, right?
Or maybe a } was forgotten somewhere earlier, and things
are all screwed up? I'm going to assume that you meant ##.

c:/Rprojects/thomashuet/cv/cv_french_english.tex:584: Illegal parameter number in definition of \Hy@tempa.
<to be read again> 
                   r
l.584 ...aphics[scale=0.1]{app-github-rect.png}}.}
                                                  
You meant to type ## instead of #, right?
Or maybe a } was forgotten somewhere earlier, and things
are all screwed up? I'm going to assume that you meant ##.

c:/Rprojects/thomashuet/cv/cv_french_english.tex:584: Illegal parameter number in definition of \Hy@tempa.
<to be read again> 
                   r
l.584 ...aphics[scale=0.1]{app-github-rect.png}}.}
                                                  
You meant to type ## instead of #, right?
Or maybe a } was forgotten somewhere earlier, and things
are all screwed up? I'm going to assume that you meant ##.

File: ../img//app-github-rect.png Graphic file (type png)
<use ../img//app-github-rect.png>
Package pdftex.def Info: ../img//app-github-rect.png  used on input line 584.
(pdftex.def)             Requested size: 22.5857pt x 5.92245pt.
c:/Rprojects/thomashuet/cv/cv_french_english.tex:588: Illegal parameter number in definition of \Hy@tempa.
<to be read again> 
                   r
l.588 ...aphics[scale=0.1]{app-github-rect.png}}.}
                                                  
You meant to type ## instead of #, right?
Or maybe a } was forgotten somewhere earlier, and things
are all screwed up? I'm going to assume that you meant ##.

c:/Rprojects/thomashuet/cv/cv_french_english.tex:588: Illegal parameter number in definition of \Hy@tempa.
<to be read again> 
                   r
l.588 ...aphics[scale=0.1]{app-github-rect.png}}.}
                                                  
You meant to type ## instead of #, right?
Or maybe a } was forgotten somewhere earlier, and things
are all screwed up? I'm going to assume that you meant ##.

c:/Rprojects/thomashuet/cv/cv_french_english.tex:588: Illegal parameter number in definition of \Hy@tempa.
<to be read again> 
                   r
l.588 ...aphics[scale=0.1]{app-github-rect.png}}.}
                                                  
You meant to type ## instead of #, right?
Or maybe a } was forgotten somewhere earlier, and things
are all screwed up? I'm going to assume that you meant ##.

File: ../img//app-github-rect.png Graphic file (type png)
<use ../img//app-github-rect.png>
Package pdftex.def Info: ../img//app-github-rect.png  used on input line 588.
(pdftex.def)             Requested size: 22.5857pt x 5.92245pt.
c:/Rprojects/thomashuet/cv/cv_french_english.tex:591: Illegal parameter number in definition of \Hy@tempa.
<to be read again> 
                   r
l.591 ...aphics[scale=0.1]{app-github-rect.png}}.}
                                                  
You meant to type ## instead of #, right?
Or maybe a } was forgotten somewhere earlier, and things
are all screwed up? I'm going to assume that you meant ##.

c:/Rprojects/thomashuet/cv/cv_french_english.tex:591: Illegal parameter number in definition of \Hy@tempa.
<to be read again> 
                   r
l.591 ...aphics[scale=0.1]{app-github-rect.png}}.}
                                                  
You meant to type ## instead of #, right?
Or maybe a } was forgotten somewhere earlier, and things
are all screwed up? I'm going to assume that you meant ##.

c:/Rprojects/thomashuet/cv/cv_french_english.tex:591: Illegal parameter number in definition of \Hy@tempa.
<to be read again> 
                   r
l.591 ...aphics[scale=0.1]{app-github-rect.png}}.}
                                                  
You meant to type ## instead of #, right?
Or maybe a } was forgotten somewhere earlier, and things
are all screwed up? I'm going to assume that you meant ##.

File: ../img//app-github-rect.png Graphic file (type png)
<use ../img//app-github-rect.png>
Package pdftex.def Info: ../img//app-github-rect.png  used on input line 591.
(pdftex.def)             Requested size: 22.5857pt x 5.92245pt.
<../img//prog-r.png, id=129, 250.9375pt x 194.7275pt>
File: ../img//prog-r.png Graphic file (type png)
<use ../img//prog-r.png>
Package pdftex.def Info: ../img//prog-r.png  used on input line 595.
(pdftex.def)             Requested size: 10.03578pt x 7.78777pt.
c:/Rprojects/thomashuet/cv/cv_french_english.tex:595: Illegal parameter number in definition of \Hy@tempa.
<to be read again> 
                   r
l.595 ...aphics[scale=0.1]{app-github-rect.png}}.}
                                                  
You meant to type ## instead of #, right?
Or maybe a } was forgotten somewhere earlier, and things
are all screwed up? I'm going to assume that you meant ##.

c:/Rprojects/thomashuet/cv/cv_french_english.tex:595: Illegal parameter number in definition of \Hy@tempa.
<to be read again> 
                   r
l.595 ...aphics[scale=0.1]{app-github-rect.png}}.}
                                                  
You meant to type ## instead of #, right?
Or maybe a } was forgotten somewhere earlier, and things
are all screwed up? I'm going to assume that you meant ##.

c:/Rprojects/thomashuet/cv/cv_french_english.tex:595: Illegal parameter number in definition of \Hy@tempa.
<to be read again> 
                   r
l.595 ...aphics[scale=0.1]{app-github-rect.png}}.}
                                                  
You meant to type ## instead of #, right?
Or maybe a } was forgotten somewhere earlier, and things
are all screwed up? I'm going to assume that you meant ##.

File: ../img//app-github-rect.png Graphic file (type png)
<use ../img//app-github-rect.png>
Package pdftex.def Info: ../img//app-github-rect.png  used on input line 595.
(pdftex.def)             Requested size: 22.5857pt x 5.92245pt.
File: ../img//link_darkblue.png Graphic file (type png)
<use ../img//link_darkblue.png>
Package pdftex.def Info: ../img//link_darkblue.png  used on input line 603.
(pdftex.def)             Requested size: 9.03336pt x 5.13396pt.
<../img//prj_neonet-blue.png, id=133, 1045.9075pt x 237.88875pt>
File: ../img//prj_neonet-blue.png Graphic file (type png)
<use ../img//prj_neonet-blue.png>
Package pdftex.def Info: ../img//prj_neonet-blue.png  used on input line 607.
(pdftex.def)             Requested size: 31.37587pt x 7.13635pt.
<../img//prj_leapfrog-blue.png, id=135, 140.77594pt x 108.405pt>
File: ../img//prj_leapfrog-blue.png Graphic file (type png)
<use ../img//prj_leapfrog-blue.png>
Package pdftex.def Info: ../img//prj_leapfrog-blue.png  used on input line 611.
(pdftex.def)             Requested size: 14.07841pt x 10.84113pt.
<../img//lod-nakala.png, id=137, 401.5pt x 401.5pt>
File: ../img//lod-nakala.png Graphic file (type png)
<use ../img//lod-nakala.png>
Package pdftex.def Info: ../img//lod-nakala.png  used on input line 611.
(pdftex.def)             Requested size: 12.04448pt x 12.04448pt.
File: ../img//link_darkblue.png Graphic file (type png)
<use ../img//link_darkblue.png>
Package pdftex.def Info: ../img//link_darkblue.png  used on input line 637.
(pdftex.def)             Requested size: 9.03336pt x 5.13396pt.
File: ../img//link_darkblue.png Graphic file (type png)
<use ../img//link_darkblue.png>
Package pdftex.def Info: ../img//link_darkblue.png  used on input line 657.
(pdftex.def)             Requested size: 9.03336pt x 5.13396pt.
[7 <../img//app-github-rect.png> <../img//prog-r.png> <../img//prj_neonet-blue.png> <../img//prj_leapfrog-blue.png> <../img//lod-nakala.png>]
File: ../img//link_darkblue.png Graphic file (type png)
<use ../img//link_darkblue.png>
Package pdftex.def Info: ../img//link_darkblue.png  used on input line 703.
(pdftex.def)             Requested size: 9.03336pt x 5.13396pt.
 [8]
Underfull \hbox (badness 10000) in paragraph at lines 899--899

 []

[9] (./cv_french_english.aux)

Package rerunfilecheck Warning: File `cv_french_english.out' has changed.
(rerunfilecheck)                Rerun to get outlines right
(rerunfilecheck)                or use package `bookmark'.

Package rerunfilecheck Info: Checksums for `cv_french_english.out':
(rerunfilecheck)             Before: <no file>
(rerunfilecheck)             After:  67CFBF6A8EBF690CAEA84BE6D24D3D42;1765.
 ) 
Here is how much of TeX's memory you used:
 12779 strings out of 478278
 203292 string characters out of 5850546
 531721 words of memory out of 5000000
 30801 multiletter control sequences out of 15000+600000
 479387 words of font info for 42 fonts, out of 8000000 for 9000
 1141 hyphenation exceptions out of 8191
 60i,11n,65p,918b,426s stack positions out of 5000i,500n,10000p,200000b,80000s
{c:/texlive/2021/texmf-dist/fonts/enc/dvips/cm-super/cm-super-t1.enc}{c:/texlive/2021/texmf-dist/fonts/enc/dvips/cm-super/cm-super-ts1.enc}<c:/texlive/2021/texmf-dist/fonts/type1/public/amsfonts/cm/cmmi7.pfb><c:/texlive/2021/texmf-dist/fonts/type1/public/amsfonts/cm/cmsy10.pfb><c:/texlive/2021/texmf-dist/fonts/type1/public/amsfonts/cm/cmsy7.pfb><c:/texlive/2021/texmf-dist/fonts/type1/public/cm-super/sfbi1000.pfb><c:/texlive/2021/texmf-dist/fonts/type1/public/cm-super/sfbi1440.pfb><c:/texlive/2021/texmf-dist/fonts/type1/public/cm-super/sfbx0700.pfb><c:/texlive/2021/texmf-dist/fonts/type1/public/cm-super/sfbx1000.pfb><c:/texlive/2021/texmf-dist/fonts/type1/public/cm-super/sfbx1200.pfb><c:/texlive/2021/texmf-dist/fonts/type1/public/cm-super/sfbx1440.pfb><c:/texlive/2021/texmf-dist/fonts/type1/public/cm-super/sfrm0700.pfb><c:/texlive/2021/texmf-dist/fonts/type1/public/cm-super/sfrm1000.pfb><c:/texlive/2021/texmf-dist/fonts/type1/public/cm-super/sfss0700.pfb><c:/texlive/2021/texmf-dist/fonts/type1/public/cm-super/sfss1000.pfb><c:/texlive/2021/texmf-dist/fonts/type1/public/cm-super/sfti1000.pfb>
Output written on cv_french_english.pdf (9 pages, 596690 bytes).
PDF statistics:
 236 PDF objects out of 1000 (max. 8388607)
 164 compressed objects within 2 object streams
 18 named destinations out of 1000 (max. 500000)
 76 words of extra memory for PDF output out of 10000 (max. 10000000)

